{"C:\\lesson_10\\src\\fun.ts": {"path":"C:\\lesson_10\\src\\fun.ts","statementMap":{"0":{"start":{"line":14,"column":0},"end":{"line":14,"column":16}},"1":{"start":{"line":34,"column":0},"end":{"line":34,"column":16}},"2":{"start":{"line":68,"column":0},"end":{"line":68,"column":16}},"3":{"start":{"line":108,"column":0},"end":{"line":108,"column":16}},"4":{"start":{"line":137,"column":0},"end":{"line":137,"column":16}},"5":{"start":{"line":11,"column":13},"end":{"line":11,"column":53}},"6":{"start":{"line":21,"column":15},"end":{"line":21,"column":53}},"7":{"start":{"line":22,"column":46},"end":{"line":29,"column":6}},"8":{"start":{"line":30,"column":4},"end":{"line":30,"column":33}},"9":{"start":{"line":35,"column":79},"end":{"line":35,"column":81}},"10":{"start":{"line":38,"column":18},"end":{"line":38,"column":37}},"11":{"start":{"line":39,"column":16},"end":{"line":39,"column":33}},"12":{"start":{"line":41,"column":4},"end":{"line":65,"column":7}},"13":{"start":{"line":42,"column":32},"end":{"line":42,"column":58}},"14":{"start":{"line":45,"column":8},"end":{"line":64,"column":9}},"15":{"start":{"line":46,"column":29},"end":{"line":46,"column":44}},"16":{"start":{"line":47,"column":27},"end":{"line":47,"column":52}},"17":{"start":{"line":50,"column":12},"end":{"line":53,"column":13}},"18":{"start":{"line":51,"column":16},"end":{"line":51,"column":80}},"19":{"start":{"line":52,"column":16},"end":{"line":52,"column":23}},"20":{"start":{"line":55,"column":12},"end":{"line":57,"column":13}},"21":{"start":{"line":56,"column":16},"end":{"line":56,"column":65}},"22":{"start":{"line":59,"column":12},"end":{"line":63,"column":13}},"23":{"start":{"line":60,"column":16},"end":{"line":60,"column":54}},"24":{"start":{"line":61,"column":19},"end":{"line":63,"column":13}},"25":{"start":{"line":62,"column":16},"end":{"line":62,"column":55}},"26":{"start":{"line":66,"column":4},"end":{"line":66,"column":22}},"27":{"start":{"line":69,"column":79},"end":{"line":69,"column":81}},"28":{"start":{"line":72,"column":18},"end":{"line":72,"column":37}},"29":{"start":{"line":73,"column":16},"end":{"line":73,"column":33}},"30":{"start":{"line":75,"column":4},"end":{"line":100,"column":7}},"31":{"start":{"line":76,"column":32},"end":{"line":76,"column":58}},"32":{"start":{"line":79,"column":8},"end":{"line":99,"column":9}},"33":{"start":{"line":80,"column":28},"end":{"line":80,"column":71}},"34":{"start":{"line":81,"column":27},"end":{"line":81,"column":52}},"35":{"start":{"line":84,"column":12},"end":{"line":87,"column":13}},"36":{"start":{"line":85,"column":16},"end":{"line":85,"column":80}},"37":{"start":{"line":86,"column":16},"end":{"line":86,"column":23}},"38":{"start":{"line":89,"column":12},"end":{"line":91,"column":13}},"39":{"start":{"line":90,"column":16},"end":{"line":90,"column":64}},"40":{"start":{"line":94,"column":12},"end":{"line":98,"column":13}},"41":{"start":{"line":95,"column":16},"end":{"line":95,"column":53}},"42":{"start":{"line":96,"column":19},"end":{"line":98,"column":13}},"43":{"start":{"line":97,"column":16},"end":{"line":97,"column":54}},"44":{"start":{"line":102,"column":4},"end":{"line":102,"column":22}},"45":{"start":{"line":109,"column":60},"end":{"line":109,"column":85}},"46":{"start":{"line":112,"column":32},"end":{"line":112,"column":56}},"47":{"start":{"line":114,"column":4},"end":{"line":130,"column":7}},"48":{"start":{"line":117,"column":12},"end":{"line":119,"column":75}},"49":{"start":{"line":122,"column":8},"end":{"line":129,"column":9}},"50":{"start":{"line":123,"column":27},"end":{"line":123,"column":44}},"51":{"start":{"line":124,"column":12},"end":{"line":128,"column":13}},"52":{"start":{"line":125,"column":16},"end":{"line":125,"column":44}},"53":{"start":{"line":126,"column":19},"end":{"line":128,"column":13}},"54":{"start":{"line":127,"column":16},"end":{"line":127,"column":45}},"55":{"start":{"line":132,"column":4},"end":{"line":132,"column":22}},"56":{"start":{"line":138,"column":52},"end":{"line":138,"column":54}},"57":{"start":{"line":140,"column":18},"end":{"line":140,"column":37}},"58":{"start":{"line":141,"column":16},"end":{"line":141,"column":33}},"59":{"start":{"line":142,"column":4},"end":{"line":159,"column":7}},"60":{"start":{"line":143,"column":32},"end":{"line":143,"column":58}},"61":{"start":{"line":145,"column":8},"end":{"line":158,"column":9}},"62":{"start":{"line":146,"column":29},"end":{"line":146,"column":44}},"63":{"start":{"line":147,"column":27},"end":{"line":147,"column":44}},"64":{"start":{"line":149,"column":12},"end":{"line":151,"column":13}},"65":{"start":{"line":150,"column":16},"end":{"line":150,"column":43}},"66":{"start":{"line":153,"column":12},"end":{"line":157,"column":13}},"67":{"start":{"line":154,"column":16},"end":{"line":154,"column":49}},"68":{"start":{"line":155,"column":19},"end":{"line":157,"column":13}},"69":{"start":{"line":156,"column":16},"end":{"line":156,"column":49}},"70":{"start":{"line":161,"column":29},"end":{"line":163,"column":38}},"71":{"start":{"line":162,"column":35},"end":{"line":162,"column":52}},"72":{"start":{"line":163,"column":24},"end":{"line":163,"column":37}},"73":{"start":{"line":164,"column":4},"end":{"line":164,"column":28}}},"fnMap":{"0":{"name":"financialTransaction","decl":{"start":{"line":14,"column":16},"end":{"line":14,"column":36}},"loc":{"start":{"line":19,"column":19},"end":{"line":31,"column":1}}},"1":{"name":"getStatistics","decl":{"start":{"line":34,"column":16},"end":{"line":34,"column":29}},"loc":{"start":{"line":34,"column":102},"end":{"line":67,"column":1}}},"2":{"name":"(anonymous_2)","decl":{"start":{"line":41,"column":25},"end":{"line":41,"column":36}},"loc":{"start":{"line":41,"column":39},"end":{"line":65,"column":5}}},"3":{"name":"getStatisticsByDate","decl":{"start":{"line":68,"column":16},"end":{"line":68,"column":35}},"loc":{"start":{"line":68,"column":108},"end":{"line":103,"column":1}}},"4":{"name":"(anonymous_4)","decl":{"start":{"line":75,"column":25},"end":{"line":75,"column":36}},"loc":{"start":{"line":75,"column":39},"end":{"line":100,"column":5}}},"5":{"name":"getStatisticsBySearch","decl":{"start":{"line":108,"column":16},"end":{"line":108,"column":37}},"loc":{"start":{"line":108,"column":94},"end":{"line":133,"column":1}}},"6":{"name":"(anonymous_6)","decl":{"start":{"line":114,"column":25},"end":{"line":114,"column":36}},"loc":{"start":{"line":114,"column":39},"end":{"line":130,"column":5}}},"7":{"name":"getCategoryStatisticsByDate","decl":{"start":{"line":137,"column":16},"end":{"line":137,"column":43}},"loc":{"start":{"line":137,"column":116},"end":{"line":165,"column":1}}},"8":{"name":"(anonymous_8)","decl":{"start":{"line":142,"column":25},"end":{"line":142,"column":36}},"loc":{"start":{"line":142,"column":39},"end":{"line":159,"column":5}}},"9":{"name":"(anonymous_9)","decl":{"start":{"line":162,"column":13},"end":{"line":162,"column":14}},"loc":{"start":{"line":162,"column":35},"end":{"line":162,"column":52}}},"10":{"name":"(anonymous_10)","decl":{"start":{"line":163,"column":14},"end":{"line":163,"column":15}},"loc":{"start":{"line":163,"column":24},"end":{"line":163,"column":37}}}},"branchMap":{"0":{"loc":{"start":{"line":45,"column":8},"end":{"line":64,"column":9}},"type":"if","locations":[{"start":{"line":45,"column":8},"end":{"line":64,"column":9}}]},"1":{"loc":{"start":{"line":45,"column":12},"end":{"line":45,"column":62}},"type":"binary-expr","locations":[{"start":{"line":45,"column":12},"end":{"line":45,"column":36}},{"start":{"line":45,"column":40},"end":{"line":45,"column":62}}]},"2":{"loc":{"start":{"line":50,"column":12},"end":{"line":53,"column":13}},"type":"if","locations":[{"start":{"line":50,"column":12},"end":{"line":53,"column":13}}]},"3":{"loc":{"start":{"line":55,"column":12},"end":{"line":57,"column":13}},"type":"if","locations":[{"start":{"line":55,"column":12},"end":{"line":57,"column":13}}]},"4":{"loc":{"start":{"line":59,"column":12},"end":{"line":63,"column":13}},"type":"if","locations":[{"start":{"line":59,"column":12},"end":{"line":63,"column":13}},{"start":{"line":61,"column":19},"end":{"line":63,"column":13}}]},"5":{"loc":{"start":{"line":61,"column":19},"end":{"line":63,"column":13}},"type":"if","locations":[{"start":{"line":61,"column":19},"end":{"line":63,"column":13}}]},"6":{"loc":{"start":{"line":79,"column":8},"end":{"line":99,"column":9}},"type":"if","locations":[{"start":{"line":79,"column":8},"end":{"line":99,"column":9}}]},"7":{"loc":{"start":{"line":79,"column":12},"end":{"line":79,"column":62}},"type":"binary-expr","locations":[{"start":{"line":79,"column":12},"end":{"line":79,"column":36}},{"start":{"line":79,"column":40},"end":{"line":79,"column":62}}]},"8":{"loc":{"start":{"line":84,"column":12},"end":{"line":87,"column":13}},"type":"if","locations":[{"start":{"line":84,"column":12},"end":{"line":87,"column":13}}]},"9":{"loc":{"start":{"line":89,"column":12},"end":{"line":91,"column":13}},"type":"if","locations":[{"start":{"line":89,"column":12},"end":{"line":91,"column":13}}]},"10":{"loc":{"start":{"line":94,"column":12},"end":{"line":98,"column":13}},"type":"if","locations":[{"start":{"line":94,"column":12},"end":{"line":98,"column":13}},{"start":{"line":96,"column":19},"end":{"line":98,"column":13}}]},"11":{"loc":{"start":{"line":96,"column":19},"end":{"line":98,"column":13}},"type":"if","locations":[{"start":{"line":96,"column":19},"end":{"line":98,"column":13}}]},"12":{"loc":{"start":{"line":117,"column":12},"end":{"line":119,"column":75}},"type":"binary-expr","locations":[{"start":{"line":117,"column":12},"end":{"line":117,"column":71}},{"start":{"line":118,"column":12},"end":{"line":118,"column":74}},{"start":{"line":119,"column":12},"end":{"line":119,"column":75}}]},"13":{"loc":{"start":{"line":122,"column":8},"end":{"line":129,"column":9}},"type":"if","locations":[{"start":{"line":122,"column":8},"end":{"line":129,"column":9}}]},"14":{"loc":{"start":{"line":124,"column":12},"end":{"line":128,"column":13}},"type":"if","locations":[{"start":{"line":124,"column":12},"end":{"line":128,"column":13}},{"start":{"line":126,"column":19},"end":{"line":128,"column":13}}]},"15":{"loc":{"start":{"line":126,"column":19},"end":{"line":128,"column":13}},"type":"if","locations":[{"start":{"line":126,"column":19},"end":{"line":128,"column":13}}]},"16":{"loc":{"start":{"line":145,"column":8},"end":{"line":158,"column":9}},"type":"if","locations":[{"start":{"line":145,"column":8},"end":{"line":158,"column":9}}]},"17":{"loc":{"start":{"line":145,"column":12},"end":{"line":145,"column":62}},"type":"binary-expr","locations":[{"start":{"line":145,"column":12},"end":{"line":145,"column":36}},{"start":{"line":145,"column":40},"end":{"line":145,"column":62}}]},"18":{"loc":{"start":{"line":149,"column":12},"end":{"line":151,"column":13}},"type":"if","locations":[{"start":{"line":149,"column":12},"end":{"line":151,"column":13}}]},"19":{"loc":{"start":{"line":153,"column":12},"end":{"line":157,"column":13}},"type":"if","locations":[{"start":{"line":153,"column":12},"end":{"line":157,"column":13}},{"start":{"line":155,"column":19},"end":{"line":157,"column":13}}]},"20":{"loc":{"start":{"line":155,"column":19},"end":{"line":157,"column":13}},"type":"if","locations":[{"start":{"line":155,"column":19},"end":{"line":157,"column":13}}]}},"s":{"0":1,"1":1,"2":1,"3":1,"4":1,"5":1,"6":0,"7":0,"8":0,"9":3,"10":3,"11":3,"12":3,"13":12,"14":12,"15":4,"16":4,"17":4,"18":0,"19":0,"20":4,"21":4,"22":4,"23":2,"24":2,"25":2,"26":3,"27":3,"28":3,"29":3,"30":3,"31":12,"32":12,"33":6,"34":6,"35":6,"36":0,"37":0,"38":6,"39":5,"40":6,"41":3,"42":3,"43":3,"44":3,"45":6,"46":6,"47":6,"48":30,"49":30,"50":6,"51":6,"52":4,"53":2,"54":2,"55":6,"56":2,"57":2,"58":2,"59":2,"60":6,"61":6,"62":0,"63":0,"64":0,"65":0,"66":0,"67":0,"68":0,"69":0,"70":2,"71":0,"72":0,"73":2},"f":{"0":0,"1":3,"2":12,"3":3,"4":12,"5":6,"6":30,"7":2,"8":6,"9":0,"10":0},"b":{"0":[4],"1":[12,6],"2":[0],"3":[4],"4":[2,2],"5":[2],"6":[6],"7":[12,6],"8":[0],"9":[5],"10":[3,3],"11":[3],"12":[30,26,25],"13":[6],"14":[4,2],"15":[2],"16":[0],"17":[6,0],"18":[0],"19":[0,0],"20":[0]}}
}
