{
  "C:\\lesson_10\\firebaseConfig.ts": {
    "path": "C:\\lesson_10\\firebaseConfig.ts",
    "statementMap": {
      "0": {
        "start": { "line": 2, "column": 0 },
        "end": { "line": 2, "column": 45 }
      },
      "1": {
        "start": { "line": 3, "column": 0 },
        "end": { "line": 3, "column": 50 }
      },
      "2": {
        "start": { "line": 5, "column": 23 },
        "end": { "line": 12, "column": 2 }
      },
      "3": {
        "start": { "line": 15, "column": 12 },
        "end": { "line": 15, "column": 41 }
      },
      "4": {
        "start": { "line": 16, "column": 11 },
        "end": { "line": 16, "column": 28 }
      },
      "5": {
        "start": { "line": 18, "column": 9 },
        "end": { "line": 18, "column": 11 }
      }
    },
    "fnMap": {},
    "branchMap": {},
    "s": { "0": 1, "1": 1, "2": 1, "3": 1, "4": 1, "5": 1 },
    "f": {},
    "b": {}
  },
  "C:\\lesson_10\\src\\fun.ts": {
    "path": "C:\\lesson_10\\src\\fun.ts",
    "statementMap": {
      "0": {
        "start": { "line": 14, "column": 0 },
        "end": { "line": 14, "column": 16 }
      },
      "1": {
        "start": { "line": 34, "column": 0 },
        "end": { "line": 34, "column": 16 }
      },
      "2": {
        "start": { "line": 74, "column": 0 },
        "end": { "line": 74, "column": 16 }
      },
      "3": {
        "start": { "line": 116, "column": 0 },
        "end": { "line": 116, "column": 16 }
      },
      "4": {
        "start": { "line": 150, "column": 0 },
        "end": { "line": 150, "column": 16 }
      },
      "5": {
        "start": { "line": 11, "column": 13 },
        "end": { "line": 11, "column": 53 }
      },
      "6": {
        "start": { "line": 21, "column": 15 },
        "end": { "line": 21, "column": 53 }
      },
      "7": {
        "start": { "line": 22, "column": 44 },
        "end": { "line": 29, "column": 4 }
      },
      "8": {
        "start": { "line": 30, "column": 2 },
        "end": { "line": 30, "column": 31 }
      },
      "9": {
        "start": { "line": 39, "column": 77 },
        "end": { "line": 39, "column": 79 }
      },
      "10": {
        "start": { "line": 42, "column": 16 },
        "end": { "line": 42, "column": 35 }
      },
      "11": {
        "start": { "line": 43, "column": 14 },
        "end": { "line": 43, "column": 31 }
      },
      "12": {
        "start": { "line": 45, "column": 2 },
        "end": { "line": 69, "column": 5 }
      },
      "13": {
        "start": { "line": 46, "column": 28 },
        "end": { "line": 46, "column": 54 }
      },
      "14": {
        "start": { "line": 49, "column": 4 },
        "end": { "line": 68, "column": 5 }
      },
      "15": {
        "start": { "line": 50, "column": 23 },
        "end": { "line": 50, "column": 38 }
      },
      "16": {
        "start": { "line": 51, "column": 21 },
        "end": { "line": 51, "column": 46 }
      },
      "17": {
        "start": { "line": 54, "column": 6 },
        "end": { "line": 57, "column": 7 }
      },
      "18": {
        "start": { "line": 55, "column": 8 },
        "end": { "line": 55, "column": 72 }
      },
      "19": {
        "start": { "line": 56, "column": 8 },
        "end": { "line": 56, "column": 15 }
      },
      "20": {
        "start": { "line": 59, "column": 6 },
        "end": { "line": 61, "column": 7 }
      },
      "21": {
        "start": { "line": 60, "column": 8 },
        "end": { "line": 60, "column": 57 }
      },
      "22": {
        "start": { "line": 63, "column": 6 },
        "end": { "line": 67, "column": 7 }
      },
      "23": {
        "start": { "line": 64, "column": 8 },
        "end": { "line": 64, "column": 46 }
      },
      "24": {
        "start": { "line": 65, "column": 13 },
        "end": { "line": 67, "column": 7 }
      },
      "25": {
        "start": { "line": 66, "column": 8 },
        "end": { "line": 66, "column": 47 }
      },
      "26": {
        "start": { "line": 70, "column": 2 },
        "end": { "line": 70, "column": 20 }
      },
      "27": {
        "start": { "line": 79, "column": 77 },
        "end": { "line": 79, "column": 79 }
      },
      "28": {
        "start": { "line": 82, "column": 16 },
        "end": { "line": 82, "column": 35 }
      },
      "29": {
        "start": { "line": 83, "column": 14 },
        "end": { "line": 83, "column": 31 }
      },
      "30": {
        "start": { "line": 85, "column": 2 },
        "end": { "line": 110, "column": 5 }
      },
      "31": {
        "start": { "line": 86, "column": 28 },
        "end": { "line": 86, "column": 54 }
      },
      "32": {
        "start": { "line": 89, "column": 4 },
        "end": { "line": 109, "column": 5 }
      },
      "33": {
        "start": { "line": 90, "column": 22 },
        "end": { "line": 90, "column": 65 }
      },
      "34": {
        "start": { "line": 91, "column": 21 },
        "end": { "line": 91, "column": 46 }
      },
      "35": {
        "start": { "line": 94, "column": 6 },
        "end": { "line": 97, "column": 7 }
      },
      "36": {
        "start": { "line": 95, "column": 8 },
        "end": { "line": 95, "column": 72 }
      },
      "37": {
        "start": { "line": 96, "column": 8 },
        "end": { "line": 96, "column": 15 }
      },
      "38": {
        "start": { "line": 99, "column": 6 },
        "end": { "line": 101, "column": 7 }
      },
      "39": {
        "start": { "line": 100, "column": 8 },
        "end": { "line": 100, "column": 56 }
      },
      "40": {
        "start": { "line": 104, "column": 6 },
        "end": { "line": 108, "column": 7 }
      },
      "41": {
        "start": { "line": 105, "column": 8 },
        "end": { "line": 105, "column": 45 }
      },
      "42": {
        "start": { "line": 106, "column": 13 },
        "end": { "line": 108, "column": 7 }
      },
      "43": {
        "start": { "line": 107, "column": 8 },
        "end": { "line": 107, "column": 46 }
      },
      "44": {
        "start": { "line": 112, "column": 2 },
        "end": { "line": 112, "column": 20 }
      },
      "45": {
        "start": { "line": 120, "column": 58 },
        "end": { "line": 123, "column": 4 }
      },
      "46": {
        "start": { "line": 126, "column": 30 },
        "end": { "line": 126, "column": 54 }
      },
      "47": {
        "start": { "line": 128, "column": 2 },
        "end": { "line": 144, "column": 5 }
      },
      "48": {
        "start": { "line": 131, "column": 6 },
        "end": { "line": 133, "column": 69 }
      },
      "49": {
        "start": { "line": 136, "column": 4 },
        "end": { "line": 143, "column": 5 }
      },
      "50": {
        "start": { "line": 137, "column": 21 },
        "end": { "line": 137, "column": 38 }
      },
      "51": {
        "start": { "line": 138, "column": 6 },
        "end": { "line": 142, "column": 7 }
      },
      "52": {
        "start": { "line": 139, "column": 8 },
        "end": { "line": 139, "column": 36 }
      },
      "53": {
        "start": { "line": 140, "column": 13 },
        "end": { "line": 142, "column": 7 }
      },
      "54": {
        "start": { "line": 141, "column": 8 },
        "end": { "line": 141, "column": 37 }
      },
      "55": {
        "start": { "line": 146, "column": 2 },
        "end": { "line": 146, "column": 20 }
      },
      "56": {
        "start": { "line": 155, "column": 50 },
        "end": { "line": 155, "column": 52 }
      },
      "57": {
        "start": { "line": 157, "column": 16 },
        "end": { "line": 157, "column": 35 }
      },
      "58": {
        "start": { "line": 158, "column": 14 },
        "end": { "line": 158, "column": 31 }
      },
      "59": {
        "start": { "line": 159, "column": 2 },
        "end": { "line": 176, "column": 5 }
      },
      "60": {
        "start": { "line": 160, "column": 28 },
        "end": { "line": 160, "column": 54 }
      },
      "61": {
        "start": { "line": 162, "column": 4 },
        "end": { "line": 175, "column": 5 }
      },
      "62": {
        "start": { "line": 163, "column": 23 },
        "end": { "line": 163, "column": 38 }
      },
      "63": {
        "start": { "line": 164, "column": 21 },
        "end": { "line": 164, "column": 38 }
      },
      "64": {
        "start": { "line": 166, "column": 6 },
        "end": { "line": 168, "column": 7 }
      },
      "65": {
        "start": { "line": 167, "column": 8 },
        "end": { "line": 167, "column": 35 }
      },
      "66": {
        "start": { "line": 170, "column": 6 },
        "end": { "line": 174, "column": 7 }
      },
      "67": {
        "start": { "line": 171, "column": 8 },
        "end": { "line": 171, "column": 41 }
      },
      "68": {
        "start": { "line": 172, "column": 13 },
        "end": { "line": 174, "column": 7 }
      },
      "69": {
        "start": { "line": 173, "column": 8 },
        "end": { "line": 173, "column": 41 }
      },
      "70": {
        "start": { "line": 178, "column": 27 },
        "end": { "line": 180, "column": 34 }
      },
      "71": {
        "start": { "line": 179, "column": 31 },
        "end": { "line": 179, "column": 48 }
      },
      "72": {
        "start": { "line": 180, "column": 20 },
        "end": { "line": 180, "column": 33 }
      },
      "73": {
        "start": { "line": 181, "column": 2 },
        "end": { "line": 181, "column": 26 }
      }
    },
    "fnMap": {
      "0": {
        "name": "financialTransaction",
        "decl": {
          "start": { "line": 14, "column": 16 },
          "end": { "line": 14, "column": 36 }
        },
        "loc": {
          "start": { "line": 19, "column": 17 },
          "end": { "line": 31, "column": 1 }
        }
      },
      "1": {
        "name": "getStatistics",
        "decl": {
          "start": { "line": 34, "column": 16 },
          "end": { "line": 34, "column": 29 }
        },
        "loc": {
          "start": { "line": 37, "column": 17 },
          "end": { "line": 71, "column": 1 }
        }
      },
      "2": {
        "name": "(anonymous_2)",
        "decl": {
          "start": { "line": 45, "column": 23 },
          "end": { "line": 45, "column": 24 }
        },
        "loc": {
          "start": { "line": 45, "column": 39 },
          "end": { "line": 69, "column": 3 }
        }
      },
      "3": {
        "name": "getStatisticsByDate",
        "decl": {
          "start": { "line": 74, "column": 16 },
          "end": { "line": 74, "column": 35 }
        },
        "loc": {
          "start": { "line": 77, "column": 17 },
          "end": { "line": 113, "column": 1 }
        }
      },
      "4": {
        "name": "(anonymous_4)",
        "decl": {
          "start": { "line": 85, "column": 23 },
          "end": { "line": 85, "column": 24 }
        },
        "loc": {
          "start": { "line": 85, "column": 39 },
          "end": { "line": 110, "column": 3 }
        }
      },
      "5": {
        "name": "getStatisticsBySearch",
        "decl": {
          "start": { "line": 116, "column": 16 },
          "end": { "line": 116, "column": 37 }
        },
        "loc": {
          "start": { "line": 118, "column": 20 },
          "end": { "line": 147, "column": 1 }
        }
      },
      "6": {
        "name": "(anonymous_6)",
        "decl": {
          "start": { "line": 128, "column": 23 },
          "end": { "line": 128, "column": 24 }
        },
        "loc": {
          "start": { "line": 128, "column": 39 },
          "end": { "line": 144, "column": 3 }
        }
      },
      "7": {
        "name": "getCategoryStatisticsByDate",
        "decl": {
          "start": { "line": 150, "column": 16 },
          "end": { "line": 150, "column": 43 }
        },
        "loc": {
          "start": { "line": 153, "column": 17 },
          "end": { "line": 182, "column": 1 }
        }
      },
      "8": {
        "name": "(anonymous_8)",
        "decl": {
          "start": { "line": 159, "column": 23 },
          "end": { "line": 159, "column": 24 }
        },
        "loc": {
          "start": { "line": 159, "column": 39 },
          "end": { "line": 176, "column": 3 }
        }
      },
      "9": {
        "name": "(anonymous_9)",
        "decl": {
          "start": { "line": 179, "column": 9 },
          "end": { "line": 179, "column": 10 }
        },
        "loc": {
          "start": { "line": 179, "column": 31 },
          "end": { "line": 179, "column": 48 }
        }
      },
      "10": {
        "name": "(anonymous_10)",
        "decl": {
          "start": { "line": 180, "column": 10 },
          "end": { "line": 180, "column": 11 }
        },
        "loc": {
          "start": { "line": 180, "column": 20 },
          "end": { "line": 180, "column": 33 }
        }
      }
    },
    "branchMap": {
      "0": {
        "loc": {
          "start": { "line": 49, "column": 4 },
          "end": { "line": 68, "column": 5 }
        },
        "type": "if",
        "locations": [
          {
            "start": { "line": 49, "column": 4 },
            "end": { "line": 68, "column": 5 }
          }
        ]
      },
      "1": {
        "loc": {
          "start": { "line": 49, "column": 8 },
          "end": { "line": 49, "column": 58 }
        },
        "type": "binary-expr",
        "locations": [
          {
            "start": { "line": 49, "column": 8 },
            "end": { "line": 49, "column": 32 }
          },
          {
            "start": { "line": 49, "column": 36 },
            "end": { "line": 49, "column": 58 }
          }
        ]
      },
      "2": {
        "loc": {
          "start": { "line": 54, "column": 6 },
          "end": { "line": 57, "column": 7 }
        },
        "type": "if",
        "locations": [
          {
            "start": { "line": 54, "column": 6 },
            "end": { "line": 57, "column": 7 }
          }
        ]
      },
      "3": {
        "loc": {
          "start": { "line": 59, "column": 6 },
          "end": { "line": 61, "column": 7 }
        },
        "type": "if",
        "locations": [
          {
            "start": { "line": 59, "column": 6 },
            "end": { "line": 61, "column": 7 }
          }
        ]
      },
      "4": {
        "loc": {
          "start": { "line": 63, "column": 6 },
          "end": { "line": 67, "column": 7 }
        },
        "type": "if",
        "locations": [
          {
            "start": { "line": 63, "column": 6 },
            "end": { "line": 67, "column": 7 }
          },
          {
            "start": { "line": 65, "column": 13 },
            "end": { "line": 67, "column": 7 }
          }
        ]
      },
      "5": {
        "loc": {
          "start": { "line": 65, "column": 13 },
          "end": { "line": 67, "column": 7 }
        },
        "type": "if",
        "locations": [
          {
            "start": { "line": 65, "column": 13 },
            "end": { "line": 67, "column": 7 }
          }
        ]
      },
      "6": {
        "loc": {
          "start": { "line": 89, "column": 4 },
          "end": { "line": 109, "column": 5 }
        },
        "type": "if",
        "locations": [
          {
            "start": { "line": 89, "column": 4 },
            "end": { "line": 109, "column": 5 }
          }
        ]
      },
      "7": {
        "loc": {
          "start": { "line": 89, "column": 8 },
          "end": { "line": 89, "column": 58 }
        },
        "type": "binary-expr",
        "locations": [
          {
            "start": { "line": 89, "column": 8 },
            "end": { "line": 89, "column": 32 }
          },
          {
            "start": { "line": 89, "column": 36 },
            "end": { "line": 89, "column": 58 }
          }
        ]
      },
      "8": {
        "loc": {
          "start": { "line": 94, "column": 6 },
          "end": { "line": 97, "column": 7 }
        },
        "type": "if",
        "locations": [
          {
            "start": { "line": 94, "column": 6 },
            "end": { "line": 97, "column": 7 }
          }
        ]
      },
      "9": {
        "loc": {
          "start": { "line": 99, "column": 6 },
          "end": { "line": 101, "column": 7 }
        },
        "type": "if",
        "locations": [
          {
            "start": { "line": 99, "column": 6 },
            "end": { "line": 101, "column": 7 }
          }
        ]
      },
      "10": {
        "loc": {
          "start": { "line": 104, "column": 6 },
          "end": { "line": 108, "column": 7 }
        },
        "type": "if",
        "locations": [
          {
            "start": { "line": 104, "column": 6 },
            "end": { "line": 108, "column": 7 }
          },
          {
            "start": { "line": 106, "column": 13 },
            "end": { "line": 108, "column": 7 }
          }
        ]
      },
      "11": {
        "loc": {
          "start": { "line": 106, "column": 13 },
          "end": { "line": 108, "column": 7 }
        },
        "type": "if",
        "locations": [
          {
            "start": { "line": 106, "column": 13 },
            "end": { "line": 108, "column": 7 }
          }
        ]
      },
      "12": {
        "loc": {
          "start": { "line": 131, "column": 6 },
          "end": { "line": 133, "column": 69 }
        },
        "type": "binary-expr",
        "locations": [
          {
            "start": { "line": 131, "column": 6 },
            "end": { "line": 131, "column": 65 }
          },
          {
            "start": { "line": 132, "column": 6 },
            "end": { "line": 132, "column": 68 }
          },
          {
            "start": { "line": 133, "column": 6 },
            "end": { "line": 133, "column": 69 }
          }
        ]
      },
      "13": {
        "loc": {
          "start": { "line": 136, "column": 4 },
          "end": { "line": 143, "column": 5 }
        },
        "type": "if",
        "locations": [
          {
            "start": { "line": 136, "column": 4 },
            "end": { "line": 143, "column": 5 }
          }
        ]
      },
      "14": {
        "loc": {
          "start": { "line": 138, "column": 6 },
          "end": { "line": 142, "column": 7 }
        },
        "type": "if",
        "locations": [
          {
            "start": { "line": 138, "column": 6 },
            "end": { "line": 142, "column": 7 }
          },
          {
            "start": { "line": 140, "column": 13 },
            "end": { "line": 142, "column": 7 }
          }
        ]
      },
      "15": {
        "loc": {
          "start": { "line": 140, "column": 13 },
          "end": { "line": 142, "column": 7 }
        },
        "type": "if",
        "locations": [
          {
            "start": { "line": 140, "column": 13 },
            "end": { "line": 142, "column": 7 }
          }
        ]
      },
      "16": {
        "loc": {
          "start": { "line": 162, "column": 4 },
          "end": { "line": 175, "column": 5 }
        },
        "type": "if",
        "locations": [
          {
            "start": { "line": 162, "column": 4 },
            "end": { "line": 175, "column": 5 }
          }
        ]
      },
      "17": {
        "loc": {
          "start": { "line": 162, "column": 8 },
          "end": { "line": 162, "column": 58 }
        },
        "type": "binary-expr",
        "locations": [
          {
            "start": { "line": 162, "column": 8 },
            "end": { "line": 162, "column": 32 }
          },
          {
            "start": { "line": 162, "column": 36 },
            "end": { "line": 162, "column": 58 }
          }
        ]
      },
      "18": {
        "loc": {
          "start": { "line": 166, "column": 6 },
          "end": { "line": 168, "column": 7 }
        },
        "type": "if",
        "locations": [
          {
            "start": { "line": 166, "column": 6 },
            "end": { "line": 168, "column": 7 }
          }
        ]
      },
      "19": {
        "loc": {
          "start": { "line": 170, "column": 6 },
          "end": { "line": 174, "column": 7 }
        },
        "type": "if",
        "locations": [
          {
            "start": { "line": 170, "column": 6 },
            "end": { "line": 174, "column": 7 }
          },
          {
            "start": { "line": 172, "column": 13 },
            "end": { "line": 174, "column": 7 }
          }
        ]
      },
      "20": {
        "loc": {
          "start": { "line": 172, "column": 13 },
          "end": { "line": 174, "column": 7 }
        },
        "type": "if",
        "locations": [
          {
            "start": { "line": 172, "column": 13 },
            "end": { "line": 174, "column": 7 }
          }
        ]
      }
    },
    "s": {
      "0": 1,
      "1": 1,
      "2": 1,
      "3": 1,
      "4": 1,
      "5": 1,
      "6": 0,
      "7": 0,
      "8": 0,
      "9": 3,
      "10": 3,
      "11": 3,
      "12": 3,
      "13": 12,
      "14": 12,
      "15": 4,
      "16": 4,
      "17": 4,
      "18": 0,
      "19": 0,
      "20": 4,
      "21": 4,
      "22": 4,
      "23": 2,
      "24": 2,
      "25": 2,
      "26": 3,
      "27": 3,
      "28": 3,
      "29": 3,
      "30": 3,
      "31": 12,
      "32": 12,
      "33": 6,
      "34": 6,
      "35": 6,
      "36": 0,
      "37": 0,
      "38": 6,
      "39": 5,
      "40": 6,
      "41": 3,
      "42": 3,
      "43": 3,
      "44": 3,
      "45": 6,
      "46": 6,
      "47": 6,
      "48": 30,
      "49": 30,
      "50": 6,
      "51": 6,
      "52": 4,
      "53": 2,
      "54": 2,
      "55": 6,
      "56": 3,
      "57": 3,
      "58": 3,
      "59": 3,
      "60": 12,
      "61": 12,
      "62": 6,
      "63": 6,
      "64": 6,
      "65": 4,
      "66": 6,
      "67": 3,
      "68": 3,
      "69": 3,
      "70": 3,
      "71": 4,
      "72": 6,
      "73": 3
    },
    "f": {
      "0": 0,
      "1": 3,
      "2": 12,
      "3": 3,
      "4": 12,
      "5": 6,
      "6": 30,
      "7": 3,
      "8": 12,
      "9": 4,
      "10": 6
    },
    "b": {
      "0": [4],
      "1": [12, 6],
      "2": [0],
      "3": [4],
      "4": [2, 2],
      "5": [2],
      "6": [6],
      "7": [12, 6],
      "8": [0],
      "9": [5],
      "10": [3, 3],
      "11": [3],
      "12": [30, 26, 25],
      "13": [6],
      "14": [4, 2],
      "15": [2],
      "16": [6],
      "17": [12, 6],
      "18": [4],
      "19": [3, 3],
      "20": [3]
    }
  },
  "C:\\lesson_10\\src\\API\\FirebaseCalendarManager.ts": {
    "path": "C:\\lesson_10\\src\\API\\FirebaseCalendarManager.ts",
    "statementMap": {
      "0": {
        "start": { "line": 2, "column": 0 },
        "end": { "line": 2, "column": 42 }
      },
      "1": {
        "start": { "line": 3, "column": 0 },
        "end": { "line": 3, "column": 36 }
      },
      "2": {
        "start": { "line": 4, "column": 0 },
        "end": { "line": 4, "column": 79 }
      },
      "3": {
        "start": { "line": 8, "column": 12 },
        "end": { "line": 8, "column": 56 }
      },
      "4": {
        "start": { "line": 13, "column": 22 },
        "end": { "line": 13, "column": 50 }
      },
      "5": {
        "start": { "line": 14, "column": 5 },
        "end": { "line": 14, "column": 54 }
      },
      "6": {
        "start": { "line": 18, "column": 16 },
        "end": { "line": 20, "column": null }
      },
      "7": {
        "start": { "line": 24, "column": 8 },
        "end": { "line": 26, "column": 9 }
      },
      "8": {
        "start": { "line": 25, "column": 12 },
        "end": { "line": 25, "column": 72 }
      },
      "9": {
        "start": { "line": 29, "column": 8 },
        "end": { "line": 31, "column": 9 }
      },
      "10": {
        "start": { "line": 30, "column": 12 },
        "end": { "line": 30, "column": 75 }
      },
      "11": {
        "start": { "line": 33, "column": 30 },
        "end": { "line": 33, "column": 46 }
      },
      "12": {
        "start": { "line": 34, "column": 40 },
        "end": { "line": 34, "column": 42 }
      },
      "13": {
        "start": { "line": 36, "column": 8 },
        "end": { "line": 38, "column": 11 }
      },
      "14": {
        "start": { "line": 37, "column": 12 },
        "end": { "line": 37, "column": 72 }
      },
      "15": {
        "start": { "line": 40, "column": 8 },
        "end": { "line": 40, "column": 22 }
      },
      "16": {
        "start": { "line": 45, "column": 30 },
        "end": { "line": 45, "column": 66 }
      },
      "17": {
        "start": { "line": 46, "column": 40 },
        "end": { "line": 46, "column": 42 }
      },
      "18": {
        "start": { "line": 48, "column": 8 },
        "end": { "line": 50, "column": 11 }
      },
      "19": {
        "start": { "line": 49, "column": 12 },
        "end": { "line": 49, "column": 72 }
      },
      "20": {
        "start": { "line": 52, "column": 8 },
        "end": { "line": 52, "column": 22 }
      },
      "21": {
        "start": { "line": 56, "column": 0 },
        "end": { "line": 56, "column": 39 }
      }
    },
    "fnMap": {
      "0": {
        "name": "(anonymous_7)",
        "decl": {
          "start": { "line": 7, "column": 0 },
          "end": { "line": 7, "column": 6 }
        },
        "loc": {
          "start": { "line": 7, "column": 0 },
          "end": { "line": 54, "column": 1 }
        }
      },
      "1": {
        "name": "(anonymous_8)",
        "decl": {
          "start": { "line": 12, "column": 10 },
          "end": { "line": 12, "column": 21 }
        },
        "loc": {
          "start": { "line": 12, "column": 42 },
          "end": { "line": 15, "column": null }
        }
      },
      "2": {
        "name": "(anonymous_10)",
        "decl": {
          "start": { "line": 17, "column": 10 },
          "end": { "line": 17, "column": 22 }
        },
        "loc": {
          "start": { "line": 17, "column": 42 },
          "end": { "line": 41, "column": null }
        }
      },
      "3": {
        "name": "(anonymous_12)",
        "decl": {
          "start": { "line": 36, "column": 30 },
          "end": { "line": 36, "column": 31 }
        },
        "loc": {
          "start": { "line": 36, "column": 38 },
          "end": { "line": 38, "column": 9 }
        }
      },
      "4": {
        "name": "(anonymous_13)",
        "decl": {
          "start": { "line": 44, "column": 10 },
          "end": { "line": 44, "column": 22 }
        },
        "loc": {
          "start": { "line": 44, "column": 22 },
          "end": { "line": 53, "column": null }
        }
      },
      "5": {
        "name": "(anonymous_15)",
        "decl": {
          "start": { "line": 48, "column": 30 },
          "end": { "line": 48, "column": 31 }
        },
        "loc": {
          "start": { "line": 48, "column": 38 },
          "end": { "line": 50, "column": 9 }
        }
      }
    },
    "branchMap": {
      "0": {
        "loc": {
          "start": { "line": 24, "column": 8 },
          "end": { "line": 26, "column": 9 }
        },
        "type": "if",
        "locations": [
          {
            "start": { "line": 24, "column": 8 },
            "end": { "line": 26, "column": 9 }
          }
        ]
      },
      "1": {
        "loc": {
          "start": { "line": 29, "column": 8 },
          "end": { "line": 31, "column": 9 }
        },
        "type": "if",
        "locations": [
          {
            "start": { "line": 29, "column": 8 },
            "end": { "line": 31, "column": 9 }
          }
        ]
      },
      "2": {
        "loc": {
          "start": { "line": 29, "column": 12 },
          "end": { "line": 29, "column": 49 }
        },
        "type": "binary-expr",
        "locations": [
          {
            "start": { "line": 29, "column": 12 },
            "end": { "line": 29, "column": 23 }
          },
          {
            "start": { "line": 29, "column": 27 },
            "end": { "line": 29, "column": 49 }
          }
        ]
      }
    },
    "s": {
      "0": 1,
      "1": 1,
      "2": 1,
      "3": 2,
      "4": 0,
      "5": 0,
      "6": 1,
      "7": 1,
      "8": 1,
      "9": 1,
      "10": 1,
      "11": 1,
      "12": 1,
      "13": 1,
      "14": 1,
      "15": 1,
      "16": 1,
      "17": 1,
      "18": 1,
      "19": 2,
      "20": 1,
      "21": 1
    },
    "f": { "0": 2, "1": 0, "2": 1, "3": 1, "4": 1, "5": 2 },
    "b": { "0": [1], "1": [1], "2": [1, 1] }
  },
  "C:\\lesson_10\\src\\API\\LocalStorageCalendarManager.ts": {
    "path": "C:\\lesson_10\\src\\API\\LocalStorageCalendarManager.ts",
    "statementMap": {
      "0": {
        "start": { "line": 7, "column": 8 },
        "end": { "line": 7, "column": 43 }
      },
      "1": {
        "start": { "line": 8, "column": 8 },
        "end": { "line": 10, "column": 9 }
      },
      "2": {
        "start": { "line": 9, "column": 12 },
        "end": { "line": 9, "column": 70 }
      },
      "3": {
        "start": { "line": 14, "column": 24 },
        "end": { "line": 14, "column": 61 }
      },
      "4": {
        "start": { "line": 15, "column": 8 },
        "end": { "line": 15, "column": 50 }
      },
      "5": {
        "start": { "line": 19, "column": 8 },
        "end": { "line": 19, "column": 70 }
      },
      "6": {
        "start": { "line": 23, "column": 23 },
        "end": { "line": 23, "column": 50 }
      },
      "7": {
        "start": { "line": 24, "column": 8 },
        "end": { "line": 24, "column": 27 }
      },
      "8": {
        "start": { "line": 25, "column": 8 },
        "end": { "line": 25, "column": 41 }
      },
      "9": {
        "start": { "line": 29, "column": 23 },
        "end": { "line": 29, "column": 50 }
      },
      "10": {
        "start": { "line": 30, "column": 8 },
        "end": { "line": 30, "column": 61 }
      },
      "11": {
        "start": { "line": 30, "column": 36 },
        "end": { "line": 30, "column": 51 }
      },
      "12": {
        "start": { "line": 34, "column": 23 },
        "end": { "line": 34, "column": 50 }
      },
      "13": {
        "start": { "line": 35, "column": 22 },
        "end": { "line": 35, "column": 62 }
      },
      "14": {
        "start": { "line": 35, "column": 44 },
        "end": { "line": 35, "column": 61 }
      },
      "15": {
        "start": { "line": 36, "column": 8 },
        "end": { "line": 39, "column": 9 }
      },
      "16": {
        "start": { "line": 37, "column": 12 },
        "end": { "line": 37, "column": 34 }
      },
      "17": {
        "start": { "line": 38, "column": 12 },
        "end": { "line": 38, "column": 45 }
      },
      "18": {
        "start": { "line": 43, "column": 23 },
        "end": { "line": 43, "column": 50 }
      },
      "19": {
        "start": { "line": 44, "column": 31 },
        "end": { "line": 44, "column": 70 }
      },
      "20": {
        "start": { "line": 44, "column": 54 },
        "end": { "line": 44, "column": 69 }
      },
      "21": {
        "start": { "line": 45, "column": 8 },
        "end": { "line": 45, "column": 49 }
      },
      "22": {
        "start": { "line": 49, "column": 8 },
        "end": { "line": 49, "column": 43 }
      },
      "23": {
        "start": { "line": 53, "column": 23 },
        "end": { "line": 53, "column": 45 }
      },
      "24": {
        "start": { "line": 54, "column": 8 },
        "end": { "line": 66, "column": 11 }
      },
      "25": {
        "start": { "line": 55, "column": 32 },
        "end": { "line": 56, "column": 99 }
      },
      "26": {
        "start": { "line": 58, "column": 30 },
        "end": { "line": 58, "column": 50 }
      },
      "27": {
        "start": { "line": 59, "column": 32 },
        "end": { "line": 60, "column": 78 }
      },
      "28": {
        "start": { "line": 62, "column": 34 },
        "end": { "line": 62, "column": 87 }
      },
      "29": {
        "start": { "line": 63, "column": 32 },
        "end": { "line": 63, "column": 103 }
      },
      "30": {
        "start": { "line": 63, "column": 71 },
        "end": { "line": 63, "column": 95 }
      },
      "31": {
        "start": { "line": 65, "column": 12 },
        "end": { "line": 65, "column": 78 }
      },
      "32": {
        "start": { "line": 3, "column": 0 },
        "end": { "line": 3, "column": 13 }
      }
    },
    "fnMap": {
      "0": {
        "name": "(anonymous_7)",
        "decl": {
          "start": { "line": 6, "column": 4 },
          "end": { "line": 6, "column": null }
        },
        "loc": {
          "start": { "line": 6, "column": 4 },
          "end": { "line": 11, "column": 5 }
        }
      },
      "1": {
        "name": "(anonymous_8)",
        "decl": {
          "start": { "line": 13, "column": 12 },
          "end": { "line": 13, "column": 32 }
        },
        "loc": {
          "start": { "line": 13, "column": 32 },
          "end": { "line": 16, "column": 5 }
        }
      },
      "2": {
        "name": "(anonymous_9)",
        "decl": {
          "start": { "line": 18, "column": 12 },
          "end": { "line": 18, "column": 31 }
        },
        "loc": {
          "start": { "line": 18, "column": 55 },
          "end": { "line": 20, "column": 5 }
        }
      },
      "3": {
        "name": "(anonymous_10)",
        "decl": {
          "start": { "line": 22, "column": 10 },
          "end": { "line": 22, "column": 21 }
        },
        "loc": {
          "start": { "line": 22, "column": 42 },
          "end": { "line": 26, "column": null }
        }
      },
      "4": {
        "name": "(anonymous_12)",
        "decl": {
          "start": { "line": 28, "column": 10 },
          "end": { "line": 28, "column": 19 }
        },
        "loc": {
          "start": { "line": 28, "column": 30 },
          "end": { "line": 31, "column": null }
        }
      },
      "5": {
        "name": "(anonymous_14)",
        "decl": {
          "start": { "line": 30, "column": 27 },
          "end": { "line": 30, "column": 32 }
        },
        "loc": {
          "start": { "line": 30, "column": 36 },
          "end": { "line": 30, "column": 51 }
        }
      },
      "6": {
        "name": "(anonymous_15)",
        "decl": {
          "start": { "line": 33, "column": 10 },
          "end": { "line": 33, "column": 21 }
        },
        "loc": {
          "start": { "line": 33, "column": 42 },
          "end": { "line": 40, "column": null }
        }
      },
      "7": {
        "name": "(anonymous_17)",
        "decl": {
          "start": { "line": 35, "column": 39 },
          "end": { "line": 35, "column": 40 }
        },
        "loc": {
          "start": { "line": 35, "column": 44 },
          "end": { "line": 35, "column": 61 }
        }
      },
      "8": {
        "name": "(anonymous_18)",
        "decl": {
          "start": { "line": 42, "column": 10 },
          "end": { "line": 42, "column": 21 }
        },
        "loc": {
          "start": { "line": 42, "column": 32 },
          "end": { "line": 46, "column": null }
        }
      },
      "9": {
        "name": "(anonymous_20)",
        "decl": {
          "start": { "line": 44, "column": 45 },
          "end": { "line": 44, "column": 50 }
        },
        "loc": {
          "start": { "line": 44, "column": 54 },
          "end": { "line": 44, "column": 69 }
        }
      },
      "10": {
        "name": "(anonymous_21)",
        "decl": {
          "start": { "line": 48, "column": 10 },
          "end": { "line": 48, "column": 19 }
        },
        "loc": {
          "start": { "line": 48, "column": 19 },
          "end": { "line": 50, "column": null }
        }
      },
      "11": {
        "name": "(anonymous_23)",
        "decl": {
          "start": { "line": 52, "column": 10 },
          "end": { "line": 52, "column": 22 }
        },
        "loc": {
          "start": { "line": 52, "column": 42 },
          "end": { "line": 67, "column": null }
        }
      },
      "12": {
        "name": "(anonymous_25)",
        "decl": {
          "start": { "line": 54, "column": 29 },
          "end": { "line": 54, "column": 34 }
        },
        "loc": {
          "start": { "line": 54, "column": 37 },
          "end": { "line": 66, "column": 9 }
        }
      },
      "13": {
        "name": "(anonymous_26)",
        "decl": {
          "start": { "line": 63, "column": 64 },
          "end": { "line": 63, "column": 67 }
        },
        "loc": {
          "start": { "line": 63, "column": 71 },
          "end": { "line": 63, "column": 95 }
        }
      }
    },
    "branchMap": {
      "0": {
        "loc": {
          "start": { "line": 8, "column": 8 },
          "end": { "line": 10, "column": 9 }
        },
        "type": "if",
        "locations": [
          {
            "start": { "line": 8, "column": 8 },
            "end": { "line": 10, "column": 9 }
          }
        ]
      },
      "1": {
        "loc": {
          "start": { "line": 15, "column": 15 },
          "end": { "line": 15, "column": 49 }
        },
        "type": "cond-expr",
        "locations": [
          {
            "start": { "line": 15, "column": 25 },
            "end": { "line": 15, "column": 44 }
          },
          {
            "start": { "line": 15, "column": 47 },
            "end": { "line": 15, "column": 49 }
          }
        ]
      },
      "2": {
        "loc": {
          "start": { "line": 30, "column": 15 },
          "end": { "line": 30, "column": 60 }
        },
        "type": "binary-expr",
        "locations": [
          {
            "start": { "line": 30, "column": 15 },
            "end": { "line": 30, "column": 52 }
          },
          {
            "start": { "line": 30, "column": 56 },
            "end": { "line": 30, "column": 60 }
          }
        ]
      },
      "3": {
        "loc": {
          "start": { "line": 36, "column": 8 },
          "end": { "line": 39, "column": 9 }
        },
        "type": "if",
        "locations": [
          {
            "start": { "line": 36, "column": 8 },
            "end": { "line": 39, "column": 9 }
          }
        ]
      },
      "4": {
        "loc": {
          "start": { "line": 55, "column": 32 },
          "end": { "line": 56, "column": 99 }
        },
        "type": "cond-expr",
        "locations": [
          {
            "start": { "line": 56, "column": 16 },
            "end": { "line": 56, "column": 92 }
          },
          {
            "start": { "line": 56, "column": 95 },
            "end": { "line": 56, "column": 99 }
          }
        ]
      },
      "5": {
        "loc": {
          "start": { "line": 56, "column": 16 },
          "end": { "line": 56, "column": 92 }
        },
        "type": "binary-expr",
        "locations": [
          {
            "start": { "line": 56, "column": 16 },
            "end": { "line": 56, "column": 49 }
          },
          {
            "start": { "line": 56, "column": 53 },
            "end": { "line": 56, "column": 92 }
          }
        ]
      },
      "6": {
        "loc": {
          "start": { "line": 59, "column": 32 },
          "end": { "line": 60, "column": 78 }
        },
        "type": "cond-expr",
        "locations": [
          {
            "start": { "line": 60, "column": 16 },
            "end": { "line": 60, "column": 71 }
          },
          {
            "start": { "line": 60, "column": 74 },
            "end": { "line": 60, "column": 78 }
          }
        ]
      },
      "7": {
        "loc": {
          "start": { "line": 62, "column": 34 },
          "end": { "line": 62, "column": 87 }
        },
        "type": "cond-expr",
        "locations": [
          {
            "start": { "line": 62, "column": 50 },
            "end": { "line": 62, "column": 80 }
          },
          {
            "start": { "line": 62, "column": 83 },
            "end": { "line": 62, "column": 87 }
          }
        ]
      },
      "8": {
        "loc": {
          "start": { "line": 63, "column": 32 },
          "end": { "line": 63, "column": 103 }
        },
        "type": "cond-expr",
        "locations": [
          {
            "start": { "line": 63, "column": 46 },
            "end": { "line": 63, "column": 96 }
          },
          {
            "start": { "line": 63, "column": 99 },
            "end": { "line": 63, "column": 103 }
          }
        ]
      },
      "9": {
        "loc": {
          "start": { "line": 65, "column": 19 },
          "end": { "line": 65, "column": 77 }
        },
        "type": "binary-expr",
        "locations": [
          {
            "start": { "line": 65, "column": 19 },
            "end": { "line": 65, "column": 30 }
          },
          {
            "start": { "line": 65, "column": 34 },
            "end": { "line": 65, "column": 45 }
          },
          {
            "start": { "line": 65, "column": 49 },
            "end": { "line": 65, "column": 62 }
          },
          {
            "start": { "line": 65, "column": 66 },
            "end": { "line": 65, "column": 77 }
          }
        ]
      }
    },
    "s": {
      "0": 5,
      "1": 5,
      "2": 5,
      "3": 14,
      "4": 14,
      "5": 9,
      "6": 7,
      "7": 7,
      "8": 7,
      "9": 3,
      "10": 3,
      "11": 2,
      "12": 1,
      "13": 1,
      "14": 1,
      "15": 1,
      "16": 1,
      "17": 1,
      "18": 1,
      "19": 1,
      "20": 1,
      "21": 1,
      "22": 2,
      "23": 1,
      "24": 1,
      "25": 3,
      "26": 3,
      "27": 3,
      "28": 3,
      "29": 3,
      "30": 3,
      "31": 3,
      "32": 1
    },
    "f": {
      "0": 5,
      "1": 14,
      "2": 9,
      "3": 7,
      "4": 3,
      "5": 2,
      "6": 1,
      "7": 1,
      "8": 1,
      "9": 1,
      "10": 2,
      "11": 1,
      "12": 3,
      "13": 3
    },
    "b": {
      "0": [5],
      "1": [14, 0],
      "2": [3, 1],
      "3": [1],
      "4": [3, 0],
      "5": [3, 2],
      "6": [3, 0],
      "7": [3, 0],
      "8": [3, 0],
      "9": [3, 1, 1, 1]
    }
  }
}
