TN:
SF:firebaseConfig.ts
FNF:0
FNH:0
DA:2,1
DA:3,1
DA:5,1
DA:15,1
DA:16,1
DA:18,1
LF:6
LH:6
BRF:0
BRH:0
end_of_record
TN:
SF:src\API\FirebaseCalendarManager.ts
FN:7,(anonymous_7)
FN:10,(anonymous_8)
FN:15,(anonymous_10)
FN:33,(anonymous_12)
FN:40,(anonymous_13)
FN:44,(anonymous_15)
FNF:6
FNH:5
FNDA:2,(anonymous_7)
FNDA:0,(anonymous_8)
FNDA:1,(anonymous_10)
FNDA:1,(anonymous_12)
FNDA:1,(anonymous_13)
FNDA:2,(anonymous_15)
DA:2,1
DA:3,1
DA:4,1
DA:8,2
DA:11,0
DA:12,0
DA:16,1
DA:22,1
DA:23,1
DA:26,1
DA:27,1
DA:30,1
DA:31,1
DA:33,1
DA:34,1
DA:37,1
DA:41,1
DA:42,1
DA:44,1
DA:45,2
DA:48,1
DA:52,1
LF:22
LH:20
BRDA:22,0,0,1
BRDA:26,1,0,1
BRDA:26,2,0,1
BRDA:26,2,1,1
BRF:4
BRH:4
end_of_record
TN:
SF:src\API\LocalStorageCalendarManager.ts
FN:10,(anonymous_7)
FN:17,(anonymous_8)
FN:22,(anonymous_9)
FN:26,(anonymous_10)
FN:32,(anonymous_12)
FN:34,(anonymous_14)
FN:37,(anonymous_15)
FN:39,(anonymous_17)
FN:46,(anonymous_18)
FN:48,(anonymous_20)
FN:52,(anonymous_21)
FN:56,(anonymous_23)
FN:58,(anonymous_25)
FN:73,(anonymous_26)
FNF:14
FNH:14
FNDA:5,(anonymous_7)
FNDA:14,(anonymous_8)
FNDA:9,(anonymous_9)
FNDA:7,(anonymous_10)
FNDA:3,(anonymous_12)
FNDA:2,(anonymous_14)
FNDA:1,(anonymous_15)
FNDA:1,(anonymous_17)
FNDA:1,(anonymous_18)
FNDA:1,(anonymous_20)
FNDA:2,(anonymous_21)
FNDA:1,(anonymous_23)
FNDA:3,(anonymous_25)
FNDA:3,(anonymous_26)
DA:7,1
DA:11,5
DA:12,5
DA:13,5
DA:18,14
DA:19,14
DA:23,9
DA:27,7
DA:28,7
DA:29,7
DA:33,3
DA:34,3
DA:38,1
DA:39,1
DA:40,1
DA:41,1
DA:42,1
DA:47,1
DA:48,1
DA:49,1
DA:53,2
DA:57,1
DA:58,1
DA:59,3
DA:64,3
DA:65,3
DA:69,3
DA:72,3
DA:73,3
DA:76,3
LF:30
LH:30
BRDA:12,0,0,5
BRDA:19,1,0,14
BRDA:19,1,1,0
BRDA:34,2,0,3
BRDA:34,2,1,1
BRDA:40,3,0,1
BRDA:59,4,0,3
BRDA:59,4,1,0
BRDA:60,5,0,3
BRDA:60,5,1,2
BRDA:65,6,0,3
BRDA:65,6,1,0
BRDA:69,7,0,3
BRDA:69,7,1,0
BRDA:72,8,0,3
BRDA:72,8,1,0
BRDA:76,9,0,3
BRDA:76,9,1,1
BRDA:76,9,2,1
BRDA:76,9,3,1
BRF:20
BRH:15
end_of_record
