TN:
SF:src\API\LocalStorageCalendarManager.ts
FN:8,(anonymous_14)
FN:15,(anonymous_15)
FN:27,(anonymous_17)
FN:33,(anonymous_19)
FN:35,(anonymous_21)
FN:39,(anonymous_22)
FN:41,(anonymous_24)
FN:48,(anonymous_25)
FN:50,(anonymous_27)
FNF:9
FNH:9
FNDA:1,(anonymous_14)
FNDA:10,(anonymous_15)
FNDA:4,(anonymous_17)
FNDA:3,(anonymous_19)
FNDA:2,(anonymous_21)
FNDA:1,(anonymous_22)
FNDA:1,(anonymous_24)
FNDA:1,(anonymous_25)
FNDA:1,(anonymous_27)
DA:1,1
DA:3,1
DA:5,1
DA:9,1
DA:10,1
DA:11,1
DA:16,10
DA:17,10
DA:18,10
DA:19,10
DA:21,0
DA:22,0
DA:24,10
DA:28,4
DA:29,4
DA:30,4
DA:34,3
DA:35,3
DA:36,3
DA:40,1
DA:41,1
DA:42,1
DA:43,1
DA:44,1
DA:49,1
DA:50,1
DA:51,1
DA:52,1
DA:53,1
LF:29
LH:27
BRDA:10,0,0,1
BRDA:36,1,0,3
BRDA:36,1,1,1
BRDA:42,2,0,1
BRDA:51,3,0,1
BRF:5
BRH:5
end_of_record
